{
  "stats": {
    "suites": 3,
    "tests": 5,
    "passes": 3,
    "pending": 0,
    "failures": 2,
    "start": "2018-03-12T20:06:47.975Z",
    "end": "2018-03-12T20:06:47.990Z",
    "duration": 15
  },
  "suites": [
    {
      "title": "suite 1",
      "tests": [
        {
          "title": "test pass",
          "duration": 0,
          "err": {}
        },
        {
          "title": "test fail",
          "duration": 1,
          "err": {
            "stack": "AssertionError [ERR_ASSERTION]: null == true\n    at Context.it (test\\sample-test.js:16:32)",
            "message": "null == true",
            "generatedMessage": true,
            "name": "AssertionError [ERR_ASSERTION]",
            "code": "ERR_ASSERTION",
            "actual": null,
            "expected": true,
            "operator": "=="
          }
        }
      ],
      "suites": [
        {
          "title": "nested describe",
          "tests": [
            {
              "title": "nested test pass",
              "duration": 0,
              "err": {}
            },
            {
              "title": "nested test fail",
              "duration": 0,
              "err": {
                "stack": "AssertionError [ERR_ASSERTION]: null == true\n    at Context.it (test\\sample-test.js:21:41)",
                "message": "null == true",
                "generatedMessage": true,
                "name": "AssertionError [ERR_ASSERTION]",
                "code": "ERR_ASSERTION",
                "actual": null,
                "expected": true,
                "operator": "=="
              }
            }
          ],
          "suites": []
        }
      ]
    },
    {
      "title": "suite 2",
      "tests": [
        {
          "title": "suite2 pass",
          "duration": 0,
          "err": {}
        }
      ],
      "suites": []
    }
  ],
  "pending": [],
  "failures": [
    {
      "title": "test fail",
      "duration": 1,
      "err": {
        "stack": "AssertionError [ERR_ASSERTION]: null == true\n    at Context.it (test\\sample-test.js:16:32)",
        "message": "null == true",
        "generatedMessage": true,
        "name": "AssertionError [ERR_ASSERTION]",
        "code": "ERR_ASSERTION",
        "actual": null,
        "expected": true,
        "operator": "=="
      }
    },
    {
      "title": "nested test fail",
      "duration": 0,
      "err": {
        "stack": "AssertionError [ERR_ASSERTION]: null == true\n    at Context.it (test\\sample-test.js:21:41)",
        "message": "null == true",
        "generatedMessage": true,
        "name": "AssertionError [ERR_ASSERTION]",
        "code": "ERR_ASSERTION",
        "actual": null,
        "expected": true,
        "operator": "=="
      }
    }
  ],
  "passes": [
    {
      "title": "test pass",
      "duration": 0,
      "err": {}
    },
    {
      "title": "nested test pass",
      "duration": 0,
      "err": {}
    },
    {
      "title": "suite2 pass",
      "duration": 0,
      "err": {}
    }
  ]
}